<?xml version="1.0" encoding="UTF-8"?>
<testsuite name="ru.stqa.pft.addressbook.tests.ContactInfoTests" tests="1" skipped="0" failures="0" errors="0" timestamp="2020-06-21T19:45:28" hostname="STEP2" time="0.404">
  <properties/>
  <testcase name="testContactInfo" classname="ru.stqa.pft.addressbook.tests.ContactInfoTests" time="0.404"/>
  <system-out><![CDATA[]]></system-out>
  <system-err><![CDATA[]]></system-err>
</testsuite>
